<?xml version="1.0" encoding="UTF-8" ?>
<testsuite errors="0" failures="0" hostname="kubuntu" name="NotepadTest" skipped="0" tests="3" time="0.927" timestamp="2020-12-29T19:05:30">
  <properties>
[...]
</properties>
  <testcase classname="NotepadTest" name="BulKontrol" time="0.111" />
  <testcase classname="NotepadTest" name="DegistirKontrol" time="0.632" />
  <testcase classname="NotepadTest" name="YazimHataKontrol" time="0.153" />
  <system-out><![CDATA[once  >> ahmet mehmet veli
sonra >> ahmet kerim veli
30413 > foxiset <--> foxiest
30414 > foxiyl <--> foxily
Yazim hatasi >> 2
]]></system-out>
  <system-err><![CDATA[]]></system-err>
</testsuite>
